# JRE version: Java(TM) SE Runtime Environment (8.0_112-b15) (build 1.8.0_112-b15)
# Java VM: Java HotSpot(TM) 64-Bit Server VM (25.112-b15 mixed mode windows-amd64 compressed oops)
Heap:
 PSYoungGen      total 260608K, used 96K [0x00000000eab00000, 0x0000000100000000, 0x0000000100000000)
  eden space 174080K, 0% used [0x00000000eab00000,0x00000000eab00000,0x00000000f5500000)
  from space 86528K, 0% used [0x00000000f5500000,0x00000000f5518000,0x00000000fa980000)
  to   space 87040K, 0% used [0x00000000fab00000,0x00000000fab00000,0x0000000100000000)
 ParOldGen       total 699392K, used 100433K [0x00000000c0000000, 0x00000000eab00000, 0x00000000eab00000)
  object space 699392K, 14% used [0x00000000c0000000,0x00000000c62144d0,0x00000000eab00000)
 Metaspace       used 151789K, capacity 172113K, committed 187564K, reserved 1210368K
  class space    used 20526K, capacity 21617K, committed 26028K, reserved 1048576K
GC Heap History (10 events):
Event: 352.588 GC heap before
{Heap before GC invocations=29 (full 8):
 PSYoungGen      total 169472K, used 128K [0x00000000eab00000, 0x0000000100000000, 0x0000000100000000)
  eden space 168960K, 0% used [0x00000000eab00000,0x00000000eab00000,0x00000000f5000000)
  from space 512K, 25% used [0x00000000f5000000,0x00000000f5020000,0x00000000f5080000)
  to   space 92672K, 0% used [0x00000000fa580000,0x00000000fa580000,0x0000000100000000)
 ParOldGen       total 699392K, used 135396K [0x00000000c0000000, 0x00000000eab00000, 0x00000000eab00000)
  object space 699392K, 19% used [0x00000000c0000000,0x00000000c84390c8,0x00000000eab00000)
 Metaspace       used 166403K, capacity 187784K, committed 188844K, reserved 1214464K
  class space    used 21847K, capacity 23017K, committed 23212K, reserved 1048576K
Event: 353.491 GC heap after
Heap after GC invocations=29 (full 8):
 PSYoungGen      total 169472K, used 0K [0x00000000eab00000, 0x0000000100000000, 0x0000000100000000)
  eden space 168960K, 0% used [0x00000000eab00000,0x00000000eab00000,0x00000000f5000000)
  from space 512K, 0% used [0x00000000f5000000,0x00000000f5000000,0x00000000f5080000)
  to   space 92672K, 0% used [0x00000000fa580000,0x00000000fa580000,0x0000000100000000)
 ParOldGen       total 699392K, used 127374K [0x00000000c0000000, 0x00000000eab00000, 0x00000000eab00000)
  object space 699392K, 18% used [0x00000000c0000000,0x00000000c7c63800,0x00000000eab00000)
 Metaspace       used 166403K, capacity 187784K, committed 188844K, reserved 1214464K
  class space    used 21847K, capacity 23017K, committed 23212K, reserved 1048576K
}
Event: 354.436 GC heap before
{Heap before GC invocations=30 (full 8):
 PSYoungGen      total 169472K, used 165164K [0x00000000eab00000, 0x0000000100000000, 0x0000000100000000)
  eden space 168960K, 97% used [0x00000000eab00000,0x00000000f4c4b1f8,0x00000000f5000000)
  from space 512K, 0% used [0x00000000f5000000,0x00000000f5000000,0x00000000f5080000)
  to   space 92672K, 0% used [0x00000000fa580000,0x00000000fa580000,0x0000000100000000)
 ParOldGen       total 699392K, used 127374K [0x00000000c0000000, 0x00000000eab00000, 0x00000000eab00000)
  object space 699392K, 18% used [0x00000000c0000000,0x00000000c7c63800,0x00000000eab00000)
 Metaspace       used 166446K, capacity 187834K, committed 189100K, reserved 1214464K
  class space    used 21855K, capacity 23027K, committed 23212K, reserved 1048576K
Event: 354.460 GC heap after
Heap after GC invocations=30 (full 8):
 PSYoungGen      total 259072K, used 21696K [0x00000000eab00000, 0x0000000100000000, 0x0000000100000000)
  eden space 166400K, 0% used [0x00000000eab00000,0x00000000eab00000,0x00000000f4d80000)
  from space 92672K, 23% used [0x00000000fa580000,0x00000000fbab0010,0x0000000100000000)
  to   space 90112K, 0% used [0x00000000f4d80000,0x00000000f4d80000,0x00000000fa580000)
 ParOldGen       total 699392K, used 127374K [0x00000000c0000000, 0x00000000eab00000, 0x00000000eab00000)
  object space 699392K, 18% used [0x00000000c0000000,0x00000000c7c63800,0x00000000eab00000)
 Metaspace       used 166446K, capacity 187834K, committed 189100K, reserved 1214464K
  class space    used 21855K, capacity 23027K, committed 23212K, reserved 1048576K
}
Event: 358.465 GC heap before
{Heap before GC invocations=31 (full 8):
 PSYoungGen      total 259072K, used 188096K [0x00000000eab00000, 0x0000000100000000, 0x0000000100000000)
  eden space 166400K, 100% used [0x00000000eab00000,0x00000000f4d80000,0x00000000f4d80000)
  from space 92672K, 23% used [0x00000000fa580000,0x00000000fbab0010,0x0000000100000000)
  to   space 90112K, 0% used [0x00000000f4d80000,0x00000000f4d80000,0x00000000fa580000)
 ParOldGen       total 699392K, used 127374K [0x00000000c0000000, 0x00000000eab00000, 0x00000000eab00000)
  object space 699392K, 18% used [0x00000000c0000000,0x00000000c7c63800,0x00000000eab00000)
 Metaspace       used 179889K, capacity 202004K, committed 202156K, reserved 1226752K
  class space    used 23471K, capacity 24719K, committed 24748K, reserved 1048576K
Event: 358.513 GC heap after
Heap after GC invocations=31 (full 8):
 PSYoungGen      total 256512K, used 15847K [0x00000000eab00000, 0x0000000100000000, 0x0000000100000000)
  eden space 166400K, 0% used [0x00000000eab00000,0x00000000eab00000,0x00000000f4d80000)
  from space 90112K, 17% used [0x00000000f4d80000,0x00000000f5cf9f00,0x00000000fa580000)
  to   space 88576K, 0% used [0x00000000fa980000,0x00000000fa980000,0x0000000100000000)
 ParOldGen       total 699392K, used 127382K [0x00000000c0000000, 0x00000000eab00000, 0x00000000eab00000)
  object space 699392K, 18% used [0x00000000c0000000,0x00000000c7c65800,0x00000000eab00000)
 Metaspace       used 179889K, capacity 202004K, committed 202156K, reserved 1226752K
  class space    used 23471K, capacity 24719K, committed 24748K, reserved 1048576K
}
Event: 1710.635 GC heap before
{Heap before GC invocations=32 (full 8):
 PSYoungGen      total 256512K, used 169985K [0x00000000eab00000, 0x0000000100000000, 0x0000000100000000)
  eden space 166400K, 92% used [0x00000000eab00000,0x00000000f4186618,0x00000000f4d80000)
  from space 90112K, 17% used [0x00000000f4d80000,0x00000000f5cf9f00,0x00000000fa580000)
  to   space 88576K, 0% used [0x00000000fa980000,0x00000000fa980000,0x0000000100000000)
 ParOldGen       total 699392K, used 127382K [0x00000000c0000000, 0x00000000eab00000, 0x00000000eab00000)
  object space 699392K, 18% used [0x00000000c0000000,0x00000000c7c65800,0x00000000eab00000)
 Metaspace       used 188553K, capacity 212056K, committed 212140K, reserved 1234944K
  class space    used 24722K, capacity 25998K, committed 26028K, reserved 1048576K
Event: 1710.650 GC heap after
Heap after GC invocations=32 (full 8):
 PSYoungGen      total 262656K, used 12778K [0x00000000eab00000, 0x0000000100000000, 0x0000000100000000)
  eden space 174080K, 0% used [0x00000000eab00000,0x00000000eab00000,0x00000000f5500000)
  from space 88576K, 14% used [0x00000000fa980000,0x00000000fb5fa920,0x0000000100000000)
  to   space 86528K, 0% used [0x00000000f5500000,0x00000000f5500000,0x00000000fa980000)
 ParOldGen       total 699392K, used 127390K [0x00000000c0000000, 0x00000000eab00000, 0x00000000eab00000)
  object space 699392K, 18% used [0x00000000c0000000,0x00000000c7c67800,0x00000000eab00000)
 Metaspace       used 188553K, capacity 212056K, committed 212140K, reserved 1234944K
  class space    used 24722K, capacity 25998K, committed 26028K, reserved 1048576K
}
Event: 1710.650 GC heap before
{Heap before GC invocations=33 (full 9):
 PSYoungGen      total 262656K, used 12778K [0x00000000eab00000, 0x0000000100000000, 0x0000000100000000)
  eden space 174080K, 0% used [0x00000000eab00000,0x00000000eab00000,0x00000000f5500000)
  from space 88576K, 14% used [0x00000000fa980000,0x00000000fb5fa920,0x0000000100000000)
  to   space 86528K, 0% used [0x00000000f5500000,0x00000000f5500000,0x00000000fa980000)
 ParOldGen       total 699392K, used 127390K [0x00000000c0000000, 0x00000000eab00000, 0x00000000eab00000)
  object space 699392K, 18% used [0x00000000c0000000,0x00000000c7c67800,0x00000000eab00000)
 Metaspace       used 188553K, capacity 212056K, committed 212140K, reserved 1234944K
  class space    used 24722K, capacity 25998K, committed 26028K, reserved 1048576K
Event: 1711.179 GC heap after
Heap after GC invocations=33 (full 9):
 PSYoungGen      total 262656K, used 0K [0x00000000eab00000, 0x0000000100000000, 0x0000000100000000)
  eden space 174080K, 0% used [0x00000000eab00000,0x00000000eab00000,0x00000000f5500000)
  from space 88576K, 0% used [0x00000000fa980000,0x00000000fa980000,0x0000000100000000)
  to   space 86528K, 0% used [0x00000000f5500000,0x00000000f5500000,0x00000000fa980000)
 ParOldGen       total 699392K, used 100433K [0x00000000c0000000, 0x00000000eab00000, 0x00000000eab00000)
  object space 699392K, 14% used [0x00000000c0000000,0x00000000c62144d0,0x00000000eab00000)
 Metaspace       used 151789K, capacity 172113K, committed 187564K, reserved 1210368K
  class space    used 20526K, capacity 21617K, committed 26028K, reserved 1048576K
}

