# JRE version: Java(TM) SE Runtime Environment (8.0_112-b15) (build 1.8.0_112-b15)
# Java VM: Java HotSpot(TM) 64-Bit Server VM (25.112-b15 mixed mode windows-amd64 compressed oops)
Heap:
 PSYoungGen      total 300032K, used 2628K [0x00000000eab00000, 0x0000000100000000, 0x0000000100000000)
  eden space 248832K, 1% used [0x00000000eab00000,0x00000000ead91038,0x00000000f9e00000)
  from space 51200K, 0% used [0x00000000fce00000,0x00000000fce00000,0x0000000100000000)
  to   space 49152K, 0% used [0x00000000f9e00000,0x00000000f9e00000,0x00000000fce00000)
 ParOldGen       total 699392K, used 89681K [0x00000000c0000000, 0x00000000eab00000, 0x00000000eab00000)
  object space 699392K, 12% used [0x00000000c0000000,0x00000000c57945c8,0x00000000eab00000)
 Metaspace       used 125672K, capacity 141278K, committed 141588K, reserved 1173504K
  class space    used 17207K, capacity 18115K, committed 18196K, reserved 1048576K
GC Heap History (10 events):
Event: 25.781 GC heap before
{Heap before GC invocations=15 (full 5):
 PSYoungGen      total 302592K, used 302406K [0x00000000eab00000, 0x0000000100000000, 0x0000000100000000)
  eden space 262144K, 100% used [0x00000000eab00000,0x00000000fab00000,0x00000000fab00000)
  from space 40448K, 99% used [0x00000000fab00000,0x00000000fd251910,0x00000000fd280000)
  to   space 46592K, 0% used [0x00000000fd280000,0x00000000fd280000,0x0000000100000000)
 ParOldGen       total 699392K, used 41982K [0x00000000c0000000, 0x00000000eab00000, 0x00000000eab00000)
  object space 699392K, 6% used [0x00000000c0000000,0x00000000c28ffb18,0x00000000eab00000)
 Metaspace       used 105927K, capacity 119714K, committed 119956K, reserved 1153024K
  class space    used 14650K, capacity 15471K, committed 15508K, reserved 1048576K
Event: 25.817 GC heap after
Heap after GC invocations=15 (full 5):
 PSYoungGen      total 294400K, used 34177K [0x00000000eab00000, 0x0000000100000000, 0x0000000100000000)
  eden space 247808K, 0% used [0x00000000eab00000,0x00000000eab00000,0x00000000f9d00000)
  from space 46592K, 73% used [0x00000000fd280000,0x00000000ff3e0730,0x0000000100000000)
  to   space 50688K, 0% used [0x00000000f9d00000,0x00000000f9d00000,0x00000000fce80000)
 ParOldGen       total 699392K, used 42054K [0x00000000c0000000, 0x00000000eab00000, 0x00000000eab00000)
  object space 699392K, 6% used [0x00000000c0000000,0x00000000c2911b28,0x00000000eab00000)
 Metaspace       used 105927K, capacity 119714K, committed 119956K, reserved 1153024K
  class space    used 14650K, capacity 15471K, committed 15508K, reserved 1048576K
}
Event: 25.928 GC heap before
{Heap before GC invocations=16 (full 5):
 PSYoungGen      total 294400K, used 42825K [0x00000000eab00000, 0x0000000100000000, 0x0000000100000000)
  eden space 247808K, 3% used [0x00000000eab00000,0x00000000eb371f80,0x00000000f9d00000)
  from space 46592K, 73% used [0x00000000fd280000,0x00000000ff3e0730,0x0000000100000000)
  to   space 50688K, 0% used [0x00000000f9d00000,0x00000000f9d00000,0x00000000fce80000)
 ParOldGen       total 699392K, used 42054K [0x00000000c0000000, 0x00000000eab00000, 0x00000000eab00000)
  object space 699392K, 6% used [0x00000000c0000000,0x00000000c2911b28,0x00000000eab00000)
 Metaspace       used 107122K, capacity 120922K, committed 120996K, reserved 1155072K
  class space    used 14765K, capacity 15608K, committed 15636K, reserved 1048576K
Event: 25.961 GC heap after
Heap after GC invocations=16 (full 5):
 PSYoungGen      total 280576K, used 32405K [0x00000000eab00000, 0x0000000100000000, 0x0000000100000000)
  eden space 247808K, 0% used [0x00000000eab00000,0x00000000eab00000,0x00000000f9d00000)
  from space 32768K, 98% used [0x00000000f9d00000,0x00000000fbca5680,0x00000000fbd00000)
  to   space 51200K, 0% used [0x00000000fce00000,0x00000000fce00000,0x0000000100000000)
 ParOldGen       total 699392K, used 42054K [0x00000000c0000000, 0x00000000eab00000, 0x00000000eab00000)
  object space 699392K, 6% used [0x00000000c0000000,0x00000000c2911b28,0x00000000eab00000)
 Metaspace       used 107122K, capacity 120922K, committed 120996K, reserved 1155072K
  class space    used 14765K, capacity 15608K, committed 15636K, reserved 1048576K
}
Event: 25.961 GC heap before
{Heap before GC invocations=17 (full 6):
 PSYoungGen      total 280576K, used 32405K [0x00000000eab00000, 0x0000000100000000, 0x0000000100000000)
  eden space 247808K, 0% used [0x00000000eab00000,0x00000000eab00000,0x00000000f9d00000)
  from space 32768K, 98% used [0x00000000f9d00000,0x00000000fbca5680,0x00000000fbd00000)
  to   space 51200K, 0% used [0x00000000fce00000,0x00000000fce00000,0x0000000100000000)
 ParOldGen       total 699392K, used 42054K [0x00000000c0000000, 0x00000000eab00000, 0x00000000eab00000)
  object space 699392K, 6% used [0x00000000c0000000,0x00000000c2911b28,0x00000000eab00000)
 Metaspace       used 107122K, capacity 120922K, committed 120996K, reserved 1155072K
  class space    used 14765K, capacity 15608K, committed 15636K, reserved 1048576K
Event: 26.410 GC heap after
Heap after GC invocations=17 (full 6):
 PSYoungGen      total 280576K, used 0K [0x00000000eab00000, 0x0000000100000000, 0x0000000100000000)
  eden space 247808K, 0% used [0x00000000eab00000,0x00000000eab00000,0x00000000f9d00000)
  from space 32768K, 0% used [0x00000000f9d00000,0x00000000f9d00000,0x00000000fbd00000)
  to   space 51200K, 0% used [0x00000000fce00000,0x00000000fce00000,0x0000000100000000)
 ParOldGen       total 699392K, used 72809K [0x00000000c0000000, 0x00000000eab00000, 0x00000000eab00000)
  object space 699392K, 10% used [0x00000000c0000000,0x00000000c471a528,0x00000000eab00000)
 Metaspace       used 107069K, capacity 120826K, committed 120996K, reserved 1155072K
  class space    used 14757K, capacity 15597K, committed 15636K, reserved 1048576K
}
Event: 92.908 GC heap before
{Heap before GC invocations=18 (full 6):
 PSYoungGen      total 280576K, used 235427K [0x00000000eab00000, 0x0000000100000000, 0x0000000100000000)
  eden space 247808K, 95% used [0x00000000eab00000,0x00000000f90e8e40,0x00000000f9d00000)
  from space 32768K, 0% used [0x00000000f9d00000,0x00000000f9d00000,0x00000000fbd00000)
  to   space 51200K, 0% used [0x00000000fce00000,0x00000000fce00000,0x0000000100000000)
 ParOldGen       total 699392K, used 72809K [0x00000000c0000000, 0x00000000eab00000, 0x00000000eab00000)
  object space 699392K, 10% used [0x00000000c0000000,0x00000000c471a528,0x00000000eab00000)
 Metaspace       used 125675K, capacity 141284K, committed 141588K, reserved 1173504K
  class space    used 17208K, capacity 18116K, committed 18196K, reserved 1048576K
Event: 92.922 GC heap after
Heap after GC invocations=18 (full 6):
 PSYoungGen      total 300032K, used 20326K [0x00000000eab00000, 0x0000000100000000, 0x0000000100000000)
  eden space 248832K, 0% used [0x00000000eab00000,0x00000000eab00000,0x00000000f9e00000)
  from space 51200K, 39% used [0x00000000fce00000,0x00000000fe1d9b60,0x0000000100000000)
  to   space 49152K, 0% used [0x00000000f9e00000,0x00000000f9e00000,0x00000000fce00000)
 ParOldGen       total 699392K, used 72817K [0x00000000c0000000, 0x00000000eab00000, 0x00000000eab00000)
  object space 699392K, 10% used [0x00000000c0000000,0x00000000c471c528,0x00000000eab00000)
 Metaspace       used 125675K, capacity 141284K, committed 141588K, reserved 1173504K
  class space    used 17208K, capacity 18116K, committed 18196K, reserved 1048576K
}
Event: 92.922 GC heap before
{Heap before GC invocations=19 (full 7):
 PSYoungGen      total 300032K, used 20326K [0x00000000eab00000, 0x0000000100000000, 0x0000000100000000)
  eden space 248832K, 0% used [0x00000000eab00000,0x00000000eab00000,0x00000000f9e00000)
  from space 51200K, 39% used [0x00000000fce00000,0x00000000fe1d9b60,0x0000000100000000)
  to   space 49152K, 0% used [0x00000000f9e00000,0x00000000f9e00000,0x00000000fce00000)
 ParOldGen       total 699392K, used 72817K [0x00000000c0000000, 0x00000000eab00000, 0x00000000eab00000)
  object space 699392K, 10% used [0x00000000c0000000,0x00000000c471c528,0x00000000eab00000)
 Metaspace       used 125675K, capacity 141284K, committed 141588K, reserved 1173504K
  class space    used 17208K, capacity 18116K, committed 18196K, reserved 1048576K
Event: 93.311 GC heap after
Heap after GC invocations=19 (full 7):
 PSYoungGen      total 300032K, used 0K [0x00000000eab00000, 0x0000000100000000, 0x0000000100000000)
  eden space 248832K, 0% used [0x00000000eab00000,0x00000000eab00000,0x00000000f9e00000)
  from space 51200K, 0% used [0x00000000fce00000,0x00000000fce00000,0x0000000100000000)
  to   space 49152K, 0% used [0x00000000f9e00000,0x00000000f9e00000,0x00000000fce00000)
 ParOldGen       total 699392K, used 89681K [0x00000000c0000000, 0x00000000eab00000, 0x00000000eab00000)
  object space 699392K, 12% used [0x00000000c0000000,0x00000000c57945c8,0x00000000eab00000)
 Metaspace       used 125672K, capacity 141278K, committed 141588K, reserved 1173504K
  class space    used 17207K, capacity 18115K, committed 18196K, reserved 1048576K
}

